<?xml version="1.0" encoding="UTF-8"?>
<Site BuildName="(empty)"
	BuildStamp="20241108-0739-Experimental"
	Name="(empty)"
	Generator="ctest-3.28.0-rc4"
	CompilerName=""
	CompilerVersion=""
	OSName="Windows"
	Hostname="[NON-UTF-8-BYTE-0xBD][NON-UTF-8-BYTE-0xAA][NON-UTF-8-BYTE-0xCD][NON-UTF-8-BYTE-0xDC]"
	OSRelease=" Personal"
	OSVersion=" (Build 22631)"
	OSPlatform="AMD64"
	Is64Bits="1"
	VendorString="GenuineIntel"
	VendorID="Intel Corporation"
	FamilyID="6"
	ModelID="5"
	ProcessorCacheSize="-1"
	NumberOfLogicalCPU="16"
	NumberOfPhysicalCPU="8"
	TotalVirtualMemory="18396"
	TotalPhysicalMemory="16220"
	LogicalProcessorsPerPhysical="2"
	ProcessorClockFrequency="2208"
	>
	<Testing>
		<StartDateTime>Nov 08 15:41 [NON-UTF-8-BYTE-0xD6]й[NON-UTF-8-BYTE-0xFA][NON-UTF-8-BYTE-0xB1][NON-UTF-8-BYTE-0xEA]׼ʱ[NON-UTF-8-BYTE-0xBC][NON-UTF-8-BYTE-0xE4]</StartDateTime>
		<StartTestTime>1731051711</StartTestTime>
		<TestList/>
		<EndDateTime>Nov 08 15:41 [NON-UTF-8-BYTE-0xD6]й[NON-UTF-8-BYTE-0xFA][NON-UTF-8-BYTE-0xB1][NON-UTF-8-BYTE-0xEA]׼ʱ[NON-UTF-8-BYTE-0xBC][NON-UTF-8-BYTE-0xE4]</EndDateTime>
		<EndTestTime>1731051711</EndTestTime>
		<ElapsedMinutes>0</ElapsedMinutes>
	</Testing>
</Site>
